# JRE version: OpenJDK Runtime Environment (8.0_152-b02) (build 1.8.0_152-release-1024-b02)
# Java VM: OpenJDK 64-Bit Server VM (25.152-b02 mixed mode windows-amd64 compressed oops)
Heap:
 PSYoungGen      total 382976K, used 54575K [0x00000000e0000000, 0x00000000f8c00000, 0x0000000100000000)
  eden space 360448K, 14% used [0x00000000e0000000,0x00000000e32232a8,0x00000000f6000000)
  from space 22528K, 14% used [0x00000000f7600000,0x00000000f7928af8,0x00000000f8c00000)
  to   space 22528K, 0% used [0x00000000f6000000,0x00000000f6000000,0x00000000f7600000)
 ParOldGen       total 162304K, used 38471K [0x00000000a0000000, 0x00000000a9e80000, 0x00000000e0000000)
  object space 162304K, 23% used [0x00000000a0000000,0x00000000a2591ef8,0x00000000a9e80000)
 Metaspace       used 63390K, capacity 65180K, committed 65368K, reserved 1105920K
  class space    used 8258K, capacity 8691K, committed 8832K, reserved 1048576K
GC Heap History (10 events):
Event: 55.883 GC heap before
{Heap before GC invocations=11 (full 2):
 PSYoungGen      total 244736K, used 244151K [0x00000000e0000000, 0x00000000f0780000, 0x0000000100000000)
  eden space 241152K, 100% used [0x00000000e0000000,0x00000000eeb80000,0x00000000eeb80000)
  from space 3584K, 83% used [0x00000000f0400000,0x00000000f06edef0,0x00000000f0780000)
  to   space 14336K, 0% used [0x00000000eeb80000,0x00000000eeb80000,0x00000000ef980000)
 ParOldGen       total 107520K, used 17029K [0x00000000a0000000, 0x00000000a6900000, 0x00000000e0000000)
  object space 107520K, 15% used [0x00000000a0000000,0x00000000a10a1788,0x00000000a6900000)
 Metaspace       used 39937K, capacity 40592K, committed 40920K, reserved 1085440K
  class space    used 5155K, capacity 5367K, committed 5376K, reserved 1048576K
Event: 55.893 GC heap after
Heap after GC invocations=11 (full 2):
 PSYoungGen      total 255488K, used 5592K [0x00000000e0000000, 0x00000000f3f80000, 0x0000000100000000)
  eden space 241152K, 0% used [0x00000000e0000000,0x00000000e0000000,0x00000000eeb80000)
  from space 14336K, 39% used [0x00000000eeb80000,0x00000000ef0f6130,0x00000000ef980000)
  to   space 13824K, 0% used [0x00000000f3200000,0x00000000f3200000,0x00000000f3f80000)
 ParOldGen       total 107520K, used 17037K [0x00000000a0000000, 0x00000000a6900000, 0x00000000e0000000)
  object space 107520K, 15% used [0x00000000a0000000,0x00000000a10a3788,0x00000000a6900000)
 Metaspace       used 39937K, capacity 40592K, committed 40920K, reserved 1085440K
  class space    used 5155K, capacity 5367K, committed 5376K, reserved 1048576K
}
Event: 59.399 GC heap before
{Heap before GC invocations=12 (full 2):
 PSYoungGen      total 255488K, used 246744K [0x00000000e0000000, 0x00000000f3f80000, 0x0000000100000000)
  eden space 241152K, 100% used [0x00000000e0000000,0x00000000eeb80000,0x00000000eeb80000)
  from space 14336K, 39% used [0x00000000eeb80000,0x00000000ef0f6130,0x00000000ef980000)
  to   space 13824K, 0% used [0x00000000f3200000,0x00000000f3200000,0x00000000f3f80000)
 ParOldGen       total 107520K, used 17037K [0x00000000a0000000, 0x00000000a6900000, 0x00000000e0000000)
  object space 107520K, 15% used [0x00000000a0000000,0x00000000a10a3788,0x00000000a6900000)
 Metaspace       used 48896K, capacity 49734K, committed 50136K, reserved 1093632K
  class space    used 6299K, capacity 6536K, committed 6656K, reserved 1048576K
Event: 59.437 GC heap after
Heap after GC invocations=12 (full 2):
 PSYoungGen      total 310272K, used 13809K [0x00000000e0000000, 0x00000000f4400000, 0x0000000100000000)
  eden space 296448K, 0% used [0x00000000e0000000,0x00000000e0000000,0x00000000f2180000)
  from space 13824K, 99% used [0x00000000f3200000,0x00000000f3f7c5c8,0x00000000f3f80000)
  to   space 16896K, 0% used [0x00000000f2180000,0x00000000f2180000,0x00000000f3200000)
 ParOldGen       total 107520K, used 20516K [0x00000000a0000000, 0x00000000a6900000, 0x00000000e0000000)
  object space 107520K, 19% used [0x00000000a0000000,0x00000000a1409058,0x00000000a6900000)
 Metaspace       used 48896K, capacity 49734K, committed 50136K, reserved 1093632K
  class space    used 6299K, capacity 6536K, committed 6656K, reserved 1048576K
}
Event: 64.005 GC heap before
{Heap before GC invocations=13 (full 2):
 PSYoungGen      total 310272K, used 210449K [0x00000000e0000000, 0x00000000f4400000, 0x0000000100000000)
  eden space 296448K, 66% used [0x00000000e0000000,0x00000000ec0081d0,0x00000000f2180000)
  from space 13824K, 99% used [0x00000000f3200000,0x00000000f3f7c5c8,0x00000000f3f80000)
  to   space 16896K, 0% used [0x00000000f2180000,0x00000000f2180000,0x00000000f3200000)
 ParOldGen       total 107520K, used 20516K [0x00000000a0000000, 0x00000000a6900000, 0x00000000e0000000)
  object space 107520K, 19% used [0x00000000a0000000,0x00000000a1409058,0x00000000a6900000)
 Metaspace       used 57653K, capacity 58898K, committed 59028K, reserved 1101824K
  class space    used 7383K, capacity 7727K, committed 7808K, reserved 1048576K
Event: 64.033 GC heap after
Heap after GC invocations=13 (full 2):
 PSYoungGen      total 313344K, used 16883K [0x00000000e0000000, 0x00000000f8c00000, 0x0000000100000000)
  eden space 296448K, 0% used [0x00000000e0000000,0x00000000e0000000,0x00000000f2180000)
  from space 16896K, 99% used [0x00000000f2180000,0x00000000f31fccb8,0x00000000f3200000)
  to   space 22528K, 0% used [0x00000000f7600000,0x00000000f7600000,0x00000000f8c00000)
 ParOldGen       total 107520K, used 28816K [0x00000000a0000000, 0x00000000a6900000, 0x00000000e0000000)
  object space 107520K, 26% used [0x00000000a0000000,0x00000000a1c24010,0x00000000a6900000)
 Metaspace       used 57653K, capacity 58898K, committed 59028K, reserved 1101824K
  class space    used 7383K, capacity 7727K, committed 7808K, reserved 1048576K
}
Event: 64.033 GC heap before
{Heap before GC invocations=14 (full 3):
 PSYoungGen      total 313344K, used 16883K [0x00000000e0000000, 0x00000000f8c00000, 0x0000000100000000)
  eden space 296448K, 0% used [0x00000000e0000000,0x00000000e0000000,0x00000000f2180000)
  from space 16896K, 99% used [0x00000000f2180000,0x00000000f31fccb8,0x00000000f3200000)
  to   space 22528K, 0% used [0x00000000f7600000,0x00000000f7600000,0x00000000f8c00000)
 ParOldGen       total 107520K, used 28816K [0x00000000a0000000, 0x00000000a6900000, 0x00000000e0000000)
  object space 107520K, 26% used [0x00000000a0000000,0x00000000a1c24010,0x00000000a6900000)
 Metaspace       used 57653K, capacity 58898K, committed 59028K, reserved 1101824K
  class space    used 7383K, capacity 7727K, committed 7808K, reserved 1048576K
Event: 64.300 GC heap after
Heap after GC invocations=14 (full 3):
 PSYoungGen      total 313344K, used 0K [0x00000000e0000000, 0x00000000f8c00000, 0x0000000100000000)
  eden space 296448K, 0% used [0x00000000e0000000,0x00000000e0000000,0x00000000f2180000)
  from space 16896K, 0% used [0x00000000f2180000,0x00000000f2180000,0x00000000f3200000)
  to   space 22528K, 0% used [0x00000000f7600000,0x00000000f7600000,0x00000000f8c00000)
 ParOldGen       total 162304K, used 38463K [0x00000000a0000000, 0x00000000a9e80000, 0x00000000e0000000)
  object space 162304K, 23% used [0x00000000a0000000,0x00000000a258fef8,0x00000000a9e80000)
 Metaspace       used 57615K, capacity 58792K, committed 59028K, reserved 1101824K
  class space    used 7371K, capacity 7713K, committed 7808K, reserved 1048576K
}
Event: 110.713 GC heap before
{Heap before GC invocations=15 (full 3):
 PSYoungGen      total 313344K, used 296448K [0x00000000e0000000, 0x00000000f8c00000, 0x0000000100000000)
  eden space 296448K, 100% used [0x00000000e0000000,0x00000000f2180000,0x00000000f2180000)
  from space 16896K, 0% used [0x00000000f2180000,0x00000000f2180000,0x00000000f3200000)
  to   space 22528K, 0% used [0x00000000f7600000,0x00000000f7600000,0x00000000f8c00000)
 ParOldGen       total 162304K, used 38463K [0x00000000a0000000, 0x00000000a9e80000, 0x00000000e0000000)
  object space 162304K, 23% used [0x00000000a0000000,0x00000000a258fef8,0x00000000a9e80000)
 Metaspace       used 59720K, capacity 61148K, committed 61272K, reserved 1101824K
  class space    used 7639K, capacity 8037K, committed 8064K, reserved 1048576K
Event: 110.720 GC heap after
Heap after GC invocations=15 (full 3):
 PSYoungGen      total 382976K, used 3234K [0x00000000e0000000, 0x00000000f8c00000, 0x0000000100000000)
  eden space 360448K, 0% used [0x00000000e0000000,0x00000000e0000000,0x00000000f6000000)
  from space 22528K, 14% used [0x00000000f7600000,0x00000000f7928af8,0x00000000f8c00000)
  to   space 22528K, 0% used [0x00000000f6000000,0x00000000f6000000,0x00000000f7600000)
 ParOldGen       total 162304K, used 38471K [0x00000000a0000000, 0x00000000a9e80000, 0x00000000e0000000)
  object space 162304K, 23% used [0x00000000a0000000,0x00000000a2591ef8,0x00000000a9e80000)
 Metaspace       used 59720K, capacity 61148K, committed 61272K, reserved 1101824K
  class space    used 7639K, capacity 8037K, committed 8064K, reserved 1048576K
}

